<?xml version="1.0" encoding="UTF-8"?>
<testsuite xmlns:xsi="http://www.w3.org/2001/XMLSchema-instance" xsi:noNamespaceSchemaLocation="https://maven.apache.org/surefire/maven-surefire-plugin/xsd/surefire-test-report-3.0.xsd" version="3.0" name="es.unican.is2.common.ClienteTest" time="0.035" tests="7" errors="0" skipped="0" failures="0">
  <properties>
[...]
</properties>
  <testcase name="testTotalSegurosConMinusvalia" classname="es.unican.is2.common.ClienteTest" time="0.017"/>
  <testcase name="testTotalSegurosMinusvaliaVacio" classname="es.unican.is2.common.ClienteTest" time="0.0"/>
  <testcase name="testTotalSegurosUnSeguro" classname="es.unican.is2.common.ClienteTest" time="0.0"/>
  <testcase name="testTotalSegurosVacio" classname="es.unican.is2.common.ClienteTest" time="0.0"/>
  <testcase name="testTotalSegurosMinusvaliaConVariosSeguros" classname="es.unican.is2.common.ClienteTest" time="0.0"/>
  <testcase name="testTotalSegurosVariosSeguros" classname="es.unican.is2.common.ClienteTest" time="0.0"/>
  <testcase name="testTotalSegurosConConductorAdicional" classname="es.unican.is2.common.ClienteTest" time="0.001"/>
</testsuite>